[I 2024-03-09 22:38:30.511 ServerApp] Package notebook took 0.0000s to import
[I 2024-03-09 22:38:30.563 ServerApp] Package jupyter_lsp took 0.0507s to import
[W 2024-03-09 22:38:30.563 ServerApp] A `_jupyter_server_extension_points` function was not found in jupyter_lsp. Instead, a `_jupyter_server_extension_paths` function was found and will be used for now. This function name will be deprecated in future releases of Jupyter Server.
[I 2024-03-09 22:38:30.586 ServerApp] Package jupyter_server_terminals took 0.0222s to import
[I 2024-03-09 22:38:30.587 ServerApp] Package jupyterlab took 0.0000s to import
[I 2024-03-09 22:38:30.863 ServerApp] Package notebook_shim took 0.0000s to import
[W 2024-03-09 22:38:30.864 ServerApp] A `_jupyter_server_extension_points` function was not found in notebook_shim. Instead, a `_jupyter_server_extension_paths` function was found and will be used for now. This function name will be deprecated in future releases of Jupyter Server.
[I 2024-03-09 22:38:30.869 ServerApp] jupyter_lsp | extension was successfully linked.
[I 2024-03-09 22:38:30.879 ServerApp] jupyter_server_terminals | extension was successfully linked.
[W 2024-03-09 22:38:30.883 LabApp] 'iopub_data_rate_limit' has moved from NotebookApp to ServerApp. This config will be passed to ServerApp. Be sure to update your config before our next release.
[W 2024-03-09 22:38:30.896 ServerApp] ServerApp.iopub_data_rate_limit config is deprecated in 2.0. Use ZMQChannelsWebsocketConnection.iopub_data_rate_limit.
[I 2024-03-09 22:38:30.896 ServerApp] jupyterlab | extension was successfully linked.
[I 2024-03-09 22:38:30.907 ServerApp] notebook | extension was successfully linked.
[I 2024-03-09 22:38:30.912 ServerApp] Writing Jupyter server cookie secret to /home/guofangyu/.local/share/jupyter/runtime/jupyter_cookie_secret
[I 2024-03-09 22:38:31.582 ServerApp] notebook_shim | extension was successfully linked.
[I 2024-03-09 22:38:31.654 ServerApp] notebook_shim | extension was successfully loaded.
[I 2024-03-09 22:38:31.659 ServerApp] jupyter_lsp | extension was successfully loaded.
[I 2024-03-09 22:38:31.662 ServerApp] jupyter_server_terminals | extension was successfully loaded.
[I 2024-03-09 22:38:31.677 LabApp] JupyterLab extension loaded from /opt/conda/envs/tensorflow/lib/python3.9/site-packages/jupyterlab
[I 2024-03-09 22:38:31.678 LabApp] JupyterLab application directory is /opt/conda/envs/tensorflow/share/jupyter/lab
[I 2024-03-09 22:38:31.680 LabApp] Extension Manager is 'pypi'.
[I 2024-03-09 22:38:31.688 ServerApp] jupyterlab | extension was successfully loaded.
[I 2024-03-09 22:38:31.694 ServerApp] notebook | extension was successfully loaded.
[I 2024-03-09 22:38:31.697 ServerApp] Serving notebooks from local directory: /home/guofangyu/projects/hw02/hw2-4/analyzer/build
[I 2024-03-09 22:38:31.698 ServerApp] Jupyter Server 2.10.0 is running at:
[I 2024-03-09 22:38:31.698 ServerApp] http://ACAL-WORKSPACE-MAIN:8888/tree?token=e8228a21f9b32fd35fff0eee590047d90ed096eaad95f62c
[I 2024-03-09 22:38:31.699 ServerApp]     http://127.0.0.1:8888/tree?token=e8228a21f9b32fd35fff0eee590047d90ed096eaad95f62c
[I 2024-03-09 22:38:31.699 ServerApp] Use Control-C to stop this server and shut down all kernels (twice to skip confirmation).
[C 2024-03-09 22:38:31.706 ServerApp] 
    
    To access the server, open this file in a browser:
        file:///home/guofangyu/.local/share/jupyter/runtime/jpserver-1991-open.html
    Or copy and paste one of these URLs:
        http://ACAL-WORKSPACE-MAIN:8888/tree?token=e8228a21f9b32fd35fff0eee590047d90ed096eaad95f62c
        http://127.0.0.1:8888/tree?token=e8228a21f9b32fd35fff0eee590047d90ed096eaad95f62c
[I 2024-03-09 22:38:31.753 ServerApp] Skipped non-installed server(s): bash-language-server, dockerfile-language-server-nodejs, javascript-typescript-langserver, jedi-language-server, julia-language-server, pyright, python-language-server, python-lsp-server, r-languageserver, sql-language-server, texlab, typescript-language-server, unified-language-server, vscode-css-languageserver-bin, vscode-html-languageserver-bin, vscode-json-languageserver-bin, yaml-language-server
[I 2024-03-09 22:38:42.600 ServerApp] 302 GET / (@192.168.65.1) 0.76ms
[W 2024-03-09 22:38:42.606 ServerApp] Clearing invalid/expired login cookie username-localhost-8888
[I 2024-03-09 22:38:42.608 JupyterNotebookApp] 302 GET /tree? (@192.168.65.1) 2.24ms
[I 2024-03-09 22:38:53.012 ServerApp] User 657c51f71b754f5a84e2b411f2df8ef9 logged in.
[I 2024-03-09 22:38:53.014 ServerApp] 302 POST /login?next=%2Ftree%3F (657c51f71b754f5a84e2b411f2df8ef9@192.168.65.1) 3.12ms
[I 2024-03-09 22:39:14.748 ServerApp] Shutting down on /api/shutdown request.
[I 2024-03-09 22:39:14.750 ServerApp] Shutting down 5 extensions
